*********** TEST MODE ***********
     disabling all randomness
     RANDOM_SEED=42
*********** TEST MODE ***********
x_train:
tensor([[[  0.],
         [  1.],
         [  2.],
         [  3.],
         [  4.],
         [  5.],
         [  6.],
         [  7.],
         [  8.],
         [  9.]],

        [[ 10.],
         [ 11.],
         [ 12.],
         [ 13.],
         [ 14.],
         [ 15.],
         [ 16.],
         [ 17.],
         [ 18.],
         [ 19.]],

        [[ 20.],
         [ 21.],
         [ 22.],
         [ 23.],
         [ 24.],
         [ 25.],
         [ 26.],
         [ 27.],
         [ 28.],
         [ 29.]],

        [[ 30.],
         [ 31.],
         [ 32.],
         [ 33.],
         [ 34.],
         [ 35.],
         [ 36.],
         [ 37.],
         [ 38.],
         [ 39.]],

        [[ 40.],
         [ 41.],
         [ 42.],
         [ 43.],
         [ 44.],
         [ 45.],
         [ 46.],
         [ 47.],
         [ 48.],
         [ 49.]],

        [[ 50.],
         [ 51.],
         [ 52.],
         [ 53.],
         [ 54.],
         [ 55.],
         [ 56.],
         [ 57.],
         [ 58.],
         [ 59.]],

        [[ 60.],
         [ 61.],
         [ 62.],
         [ 63.],
         [ 64.],
         [ 65.],
         [ 66.],
         [ 67.],
         [ 68.],
         [ 69.]],

        [[ 70.],
         [ 71.],
         [ 72.],
         [ 73.],
         [ 74.],
         [ 75.],
         [ 76.],
         [ 77.],
         [ 78.],
         [ 79.]],

        [[ 80.],
         [ 81.],
         [ 82.],
         [ 83.],
         [ 84.],
         [ 85.],
         [ 86.],
         [ 87.],
         [ 88.],
         [ 89.]],

        [[ 90.],
         [ 91.],
         [ 92.],
         [ 93.],
         [ 94.],
         [ 95.],
         [ 96.],
         [ 97.],
         [ 98.],
         [ 99.]],

        [[100.],
         [101.],
         [102.],
         [103.],
         [104.],
         [105.],
         [106.],
         [107.],
         [108.],
         [109.]],

        [[110.],
         [111.],
         [112.],
         [113.],
         [114.],
         [115.],
         [116.],
         [117.],
         [118.],
         [119.]],

        [[120.],
         [121.],
         [122.],
         [123.],
         [124.],
         [125.],
         [126.],
         [127.],
         [128.],
         [129.]],

        [[130.],
         [131.],
         [132.],
         [133.],
         [134.],
         [135.],
         [136.],
         [137.],
         [138.],
         [139.]],

        [[140.],
         [141.],
         [142.],
         [143.],
         [144.],
         [145.],
         [146.],
         [147.],
         [148.],
         [149.]],

        [[150.],
         [151.],
         [152.],
         [153.],
         [154.],
         [155.],
         [156.],
         [157.],
         [158.],
         [159.]],

        [[160.],
         [161.],
         [162.],
         [163.],
         [164.],
         [165.],
         [166.],
         [167.],
         [168.],
         [169.]],

        [[170.],
         [171.],
         [172.],
         [173.],
         [174.],
         [175.],
         [176.],
         [177.],
         [178.],
         [179.]],

        [[180.],
         [181.],
         [182.],
         [183.],
         [184.],
         [185.],
         [186.],
         [187.],
         [188.],
         [189.]],

        [[190.],
         [191.],
         [192.],
         [193.],
         [194.],
         [195.],
         [196.],
         [197.],
         [198.],
         [199.]],

        [[200.],
         [201.],
         [202.],
         [203.],
         [204.],
         [205.],
         [206.],
         [207.],
         [208.],
         [209.]],

        [[210.],
         [211.],
         [212.],
         [213.],
         [214.],
         [215.],
         [216.],
         [217.],
         [218.],
         [219.]],

        [[220.],
         [221.],
         [222.],
         [223.],
         [224.],
         [225.],
         [226.],
         [227.],
         [228.],
         [229.]],

        [[230.],
         [231.],
         [232.],
         [233.],
         [234.],
         [235.],
         [236.],
         [237.],
         [238.],
         [239.]],

        [[240.],
         [241.],
         [242.],
         [243.],
         [244.],
         [245.],
         [246.],
         [247.],
         [248.],
         [249.]],

        [[250.],
         [251.],
         [252.],
         [253.],
         [254.],
         [255.],
         [256.],
         [257.],
         [258.],
         [259.]],

        [[260.],
         [261.],
         [262.],
         [263.],
         [264.],
         [265.],
         [266.],
         [267.],
         [268.],
         [269.]],

        [[270.],
         [271.],
         [272.],
         [273.],
         [274.],
         [275.],
         [276.],
         [277.],
         [278.],
         [279.]],

        [[280.],
         [281.],
         [282.],
         [283.],
         [284.],
         [285.],
         [286.],
         [287.],
         [288.],
         [289.]],

        [[290.],
         [291.],
         [292.],
         [293.],
         [294.],
         [295.],
         [296.],
         [297.],
         [298.],
         [299.]],

        [[300.],
         [301.],
         [302.],
         [303.],
         [304.],
         [305.],
         [306.],
         [307.],
         [308.],
         [309.]],

        [[310.],
         [311.],
         [312.],
         [313.],
         [314.],
         [315.],
         [316.],
         [317.],
         [318.],
         [319.]],

        [[320.],
         [321.],
         [322.],
         [323.],
         [324.],
         [325.],
         [326.],
         [327.],
         [328.],
         [329.]],

        [[330.],
         [331.],
         [332.],
         [333.],
         [334.],
         [335.],
         [336.],
         [337.],
         [338.],
         [339.]],

        [[340.],
         [341.],
         [342.],
         [343.],
         [344.],
         [345.],
         [346.],
         [347.],
         [348.],
         [349.]],

        [[350.],
         [351.],
         [352.],
         [353.],
         [354.],
         [355.],
         [356.],
         [357.],
         [358.],
         [359.]],

        [[360.],
         [361.],
         [362.],
         [363.],
         [364.],
         [365.],
         [366.],
         [367.],
         [368.],
         [369.]],

        [[370.],
         [371.],
         [372.],
         [373.],
         [374.],
         [375.],
         [376.],
         [377.],
         [378.],
         [379.]],

        [[380.],
         [381.],
         [382.],
         [383.],
         [384.],
         [385.],
         [386.],
         [387.],
         [388.],
         [389.]],

        [[390.],
         [391.],
         [392.],
         [393.],
         [394.],
         [395.],
         [396.],
         [397.],
         [398.],
         [399.]],

        [[400.],
         [401.],
         [402.],
         [403.],
         [404.],
         [405.],
         [406.],
         [407.],
         [408.],
         [409.]],

        [[410.],
         [411.],
         [412.],
         [413.],
         [414.],
         [415.],
         [416.],
         [417.],
         [418.],
         [419.]],

        [[420.],
         [421.],
         [422.],
         [423.],
         [424.],
         [425.],
         [426.],
         [427.],
         [428.],
         [429.]],

        [[430.],
         [431.],
         [432.],
         [433.],
         [434.],
         [435.],
         [436.],
         [437.],
         [438.],
         [439.]],

        [[440.],
         [441.],
         [442.],
         [443.],
         [444.],
         [445.],
         [446.],
         [447.],
         [448.],
         [449.]],

        [[450.],
         [451.],
         [452.],
         [453.],
         [454.],
         [455.],
         [456.],
         [457.],
         [458.],
         [459.]],

        [[460.],
         [461.],
         [462.],
         [463.],
         [464.],
         [465.],
         [466.],
         [467.],
         [468.],
         [469.]],

        [[470.],
         [471.],
         [472.],
         [473.],
         [474.],
         [475.],
         [476.],
         [477.],
         [478.],
         [479.]],

        [[480.],
         [481.],
         [482.],
         [483.],
         [484.],
         [485.],
         [486.],
         [487.],
         [488.],
         [489.]],

        [[490.],
         [491.],
         [492.],
         [493.],
         [494.],
         [495.],
         [496.],
         [497.],
         [498.],
         [499.]],

        [[500.],
         [501.],
         [502.],
         [503.],
         [504.],
         [505.],
         [506.],
         [507.],
         [508.],
         [509.]],

        [[510.],
         [511.],
         [512.],
         [513.],
         [514.],
         [515.],
         [516.],
         [517.],
         [518.],
         [519.]],

        [[520.],
         [521.],
         [522.],
         [523.],
         [524.],
         [525.],
         [526.],
         [527.],
         [528.],
         [529.]],

        [[530.],
         [531.],
         [532.],
         [533.],
         [534.],
         [535.],
         [536.],
         [537.],
         [538.],
         [539.]],

        [[540.],
         [541.],
         [542.],
         [543.],
         [544.],
         [545.],
         [546.],
         [547.],
         [548.],
         [549.]],

        [[550.],
         [551.],
         [552.],
         [553.],
         [554.],
         [555.],
         [556.],
         [557.],
         [558.],
         [559.]],

        [[560.],
         [561.],
         [562.],
         [563.],
         [564.],
         [565.],
         [566.],
         [567.],
         [568.],
         [569.]],

        [[570.],
         [571.],
         [572.],
         [573.],
         [574.],
         [575.],
         [576.],
         [577.],
         [578.],
         [579.]],

        [[580.],
         [581.],
         [582.],
         [583.],
         [584.],
         [585.],
         [586.],
         [587.],
         [588.],
         [589.]],

        [[590.],
         [591.],
         [592.],
         [593.],
         [594.],
         [595.],
         [596.],
         [597.],
         [598.],
         [599.]],

        [[600.],
         [601.],
         [602.],
         [603.],
         [604.],
         [605.],
         [606.],
         [607.],
         [608.],
         [609.]],

        [[610.],
         [611.],
         [612.],
         [613.],
         [614.],
         [615.],
         [616.],
         [617.],
         [618.],
         [619.]],

        [[620.],
         [621.],
         [622.],
         [623.],
         [624.],
         [625.],
         [626.],
         [627.],
         [628.],
         [629.]],

        [[630.],
         [631.],
         [632.],
         [633.],
         [634.],
         [635.],
         [636.],
         [637.],
         [638.],
         [639.]],

        [[640.],
         [641.],
         [642.],
         [643.],
         [644.],
         [645.],
         [646.],
         [647.],
         [648.],
         [649.]],

        [[650.],
         [651.],
         [652.],
         [653.],
         [654.],
         [655.],
         [656.],
         [657.],
         [658.],
         [659.]],

        [[660.],
         [661.],
         [662.],
         [663.],
         [664.],
         [665.],
         [666.],
         [667.],
         [668.],
         [669.]],

        [[670.],
         [671.],
         [672.],
         [673.],
         [674.],
         [675.],
         [676.],
         [677.],
         [678.],
         [679.]],

        [[680.],
         [681.],
         [682.],
         [683.],
         [684.],
         [685.],
         [686.],
         [687.],
         [688.],
         [689.]],

        [[690.],
         [691.],
         [692.],
         [693.],
         [694.],
         [695.],
         [696.],
         [697.],
         [698.],
         [699.]],

        [[700.],
         [701.],
         [702.],
         [703.],
         [704.],
         [705.],
         [706.],
         [707.],
         [708.],
         [709.]],

        [[710.],
         [711.],
         [712.],
         [713.],
         [714.],
         [715.],
         [716.],
         [717.],
         [718.],
         [719.]],

        [[720.],
         [721.],
         [722.],
         [723.],
         [724.],
         [725.],
         [726.],
         [727.],
         [728.],
         [729.]],

        [[730.],
         [731.],
         [732.],
         [733.],
         [734.],
         [735.],
         [736.],
         [737.],
         [738.],
         [739.]],

        [[740.],
         [741.],
         [742.],
         [743.],
         [744.],
         [745.],
         [746.],
         [747.],
         [748.],
         [749.]],

        [[750.],
         [751.],
         [752.],
         [753.],
         [754.],
         [755.],
         [756.],
         [757.],
         [758.],
         [759.]],

        [[760.],
         [761.],
         [762.],
         [763.],
         [764.],
         [765.],
         [766.],
         [767.],
         [768.],
         [769.]],

        [[770.],
         [771.],
         [772.],
         [773.],
         [774.],
         [775.],
         [776.],
         [777.],
         [778.],
         [779.]],

        [[780.],
         [781.],
         [782.],
         [783.],
         [784.],
         [785.],
         [786.],
         [787.],
         [788.],
         [789.]],

        [[790.],
         [791.],
         [792.],
         [793.],
         [794.],
         [795.],
         [796.],
         [797.],
         [798.],
         [799.]]])
y_train:
tensor([[[ 0.0000],
         [ 0.0100],
         [ 0.0200],
         [ 0.0300],
         [ 0.0400],
         [ 0.0500],
         [ 0.0600],
         [ 0.0699],
         [ 0.0799],
         [ 0.0899]],

        [[ 0.0998],
         [ 0.1098],
         [ 0.1197],
         [ 0.1296],
         [ 0.1395],
         [ 0.1494],
         [ 0.1593],
         [ 0.1692],
         [ 0.1790],
         [ 0.1889]],

        [[ 0.1987],
         [ 0.2085],
         [ 0.2182],
         [ 0.2280],
         [ 0.2377],
         [ 0.2474],
         [ 0.2571],
         [ 0.2667],
         [ 0.2764],
         [ 0.2860]],

        [[ 0.2955],
         [ 0.3051],
         [ 0.3146],
         [ 0.3240],
         [ 0.3335],
         [ 0.3429],
         [ 0.3523],
         [ 0.3616],
         [ 0.3709],
         [ 0.3802]],

        [[ 0.3894],
         [ 0.3986],
         [ 0.4078],
         [ 0.4169],
         [ 0.4259],
         [ 0.4350],
         [ 0.4439],
         [ 0.4529],
         [ 0.4618],
         [ 0.4706]],

        [[ 0.4794],
         [ 0.4882],
         [ 0.4969],
         [ 0.5055],
         [ 0.5141],
         [ 0.5227],
         [ 0.5312],
         [ 0.5396],
         [ 0.5480],
         [ 0.5564]],

        [[ 0.5646],
         [ 0.5729],
         [ 0.5810],
         [ 0.5891],
         [ 0.5972],
         [ 0.6052],
         [ 0.6131],
         [ 0.6210],
         [ 0.6288],
         [ 0.6365]],

        [[ 0.6442],
         [ 0.6518],
         [ 0.6594],
         [ 0.6669],
         [ 0.6743],
         [ 0.6816],
         [ 0.6889],
         [ 0.6961],
         [ 0.7033],
         [ 0.7104]],

        [[ 0.7174],
         [ 0.7243],
         [ 0.7311],
         [ 0.7379],
         [ 0.7446],
         [ 0.7513],
         [ 0.7578],
         [ 0.7643],
         [ 0.7707],
         [ 0.7771]],

        [[ 0.7833],
         [ 0.7895],
         [ 0.7956],
         [ 0.8016],
         [ 0.8076],
         [ 0.8134],
         [ 0.8192],
         [ 0.8249],
         [ 0.8305],
         [ 0.8360]],

        [[ 0.8415],
         [ 0.8468],
         [ 0.8521],
         [ 0.8573],
         [ 0.8624],
         [ 0.8674],
         [ 0.8724],
         [ 0.8772],
         [ 0.8820],
         [ 0.8866]],

        [[ 0.8912],
         [ 0.8957],
         [ 0.9001],
         [ 0.9044],
         [ 0.9086],
         [ 0.9128],
         [ 0.9168],
         [ 0.9208],
         [ 0.9246],
         [ 0.9284]],

        [[ 0.9320],
         [ 0.9356],
         [ 0.9391],
         [ 0.9425],
         [ 0.9458],
         [ 0.9490],
         [ 0.9521],
         [ 0.9551],
         [ 0.9580],
         [ 0.9608]],

        [[ 0.9636],
         [ 0.9662],
         [ 0.9687],
         [ 0.9711],
         [ 0.9735],
         [ 0.9757],
         [ 0.9779],
         [ 0.9799],
         [ 0.9819],
         [ 0.9837]],

        [[ 0.9854],
         [ 0.9871],
         [ 0.9887],
         [ 0.9901],
         [ 0.9915],
         [ 0.9927],
         [ 0.9939],
         [ 0.9949],
         [ 0.9959],
         [ 0.9967]],

        [[ 0.9975],
         [ 0.9982],
         [ 0.9987],
         [ 0.9992],
         [ 0.9995],
         [ 0.9998],
         [ 0.9999],
         [ 1.0000],
         [ 1.0000],
         [ 0.9998]],

        [[ 0.9996],
         [ 0.9992],
         [ 0.9988],
         [ 0.9982],
         [ 0.9976],
         [ 0.9969],
         [ 0.9960],
         [ 0.9951],
         [ 0.9940],
         [ 0.9929]],

        [[ 0.9917],
         [ 0.9903],
         [ 0.9889],
         [ 0.9874],
         [ 0.9857],
         [ 0.9840],
         [ 0.9822],
         [ 0.9802],
         [ 0.9782],
         [ 0.9761]],

        [[ 0.9738],
         [ 0.9715],
         [ 0.9691],
         [ 0.9666],
         [ 0.9640],
         [ 0.9613],
         [ 0.9585],
         [ 0.9556],
         [ 0.9526],
         [ 0.9495]],

        [[ 0.9463],
         [ 0.9430],
         [ 0.9396],
         [ 0.9362],
         [ 0.9326],
         [ 0.9290],
         [ 0.9252],
         [ 0.9214],
         [ 0.9174],
         [ 0.9134]],

        [[ 0.9093],
         [ 0.9051],
         [ 0.9008],
         [ 0.8964],
         [ 0.8919],
         [ 0.8874],
         [ 0.8827],
         [ 0.8780],
         [ 0.8731],
         [ 0.8682]],

        [[ 0.8632],
         [ 0.8581],
         [ 0.8529],
         [ 0.8477],
         [ 0.8423],
         [ 0.8369],
         [ 0.8314],
         [ 0.8258],
         [ 0.8201],
         [ 0.8143]],

        [[ 0.8085],
         [ 0.8026],
         [ 0.7966],
         [ 0.7905],
         [ 0.7843],
         [ 0.7781],
         [ 0.7718],
         [ 0.7654],
         [ 0.7589],
         [ 0.7523]],

        [[ 0.7457],
         [ 0.7390],
         [ 0.7322],
         [ 0.7254],
         [ 0.7185],
         [ 0.7115],
         [ 0.7044],
         [ 0.6973],
         [ 0.6901],
         [ 0.6828]],

        [[ 0.6755],
         [ 0.6681],
         [ 0.6606],
         [ 0.6530],
         [ 0.6454],
         [ 0.6378],
         [ 0.6300],
         [ 0.6222],
         [ 0.6144],
         [ 0.6065]],

        [[ 0.5985],
         [ 0.5904],
         [ 0.5823],
         [ 0.5742],
         [ 0.5660],
         [ 0.5577],
         [ 0.5494],
         [ 0.5410],
         [ 0.5325],
         [ 0.5240]],

        [[ 0.5155],
         [ 0.5069],
         [ 0.4983],
         [ 0.4896],
         [ 0.4808],
         [ 0.4720],
         [ 0.4632],
         [ 0.4543],
         [ 0.4454],
         [ 0.4364]],

        [[ 0.4274],
         [ 0.4183],
         [ 0.4092],
         [ 0.4001],
         [ 0.3909],
         [ 0.3817],
         [ 0.3724],
         [ 0.3631],
         [ 0.3538],
         [ 0.3444]],

        [[ 0.3350],
         [ 0.3255],
         [ 0.3161],
         [ 0.3066],
         [ 0.2970],
         [ 0.2875],
         [ 0.2779],
         [ 0.2683],
         [ 0.2586],
         [ 0.2489]],

        [[ 0.2392],
         [ 0.2295],
         [ 0.2198],
         [ 0.2100],
         [ 0.2002],
         [ 0.1904],
         [ 0.1806],
         [ 0.1708],
         [ 0.1609],
         [ 0.1510]],

        [[ 0.1411],
         [ 0.1312],
         [ 0.1213],
         [ 0.1114],
         [ 0.1014],
         [ 0.0915],
         [ 0.0815],
         [ 0.0715],
         [ 0.0616],
         [ 0.0516]],

        [[ 0.0416],
         [ 0.0316],
         [ 0.0216],
         [ 0.0116],
         [ 0.0016],
         [-0.0084],
         [-0.0184],
         [-0.0284],
         [-0.0384],
         [-0.0484]],

        [[-0.0584],
         [-0.0684],
         [-0.0783],
         [-0.0883],
         [-0.0982],
         [-0.1082],
         [-0.1181],
         [-0.1281],
         [-0.1380],
         [-0.1479]],

        [[-0.1577],
         [-0.1676],
         [-0.1775],
         [-0.1873],
         [-0.1971],
         [-0.2069],
         [-0.2167],
         [-0.2264],
         [-0.2362],
         [-0.2459]],

        [[-0.2555],
         [-0.2652],
         [-0.2748],
         [-0.2844],
         [-0.2940],
         [-0.3035],
         [-0.3131],
         [-0.3225],
         [-0.3320],
         [-0.3414]],

        [[-0.3508],
         [-0.3601],
         [-0.3694],
         [-0.3787],
         [-0.3880],
         [-0.3971],
         [-0.4063],
         [-0.4154],
         [-0.4245],
         [-0.4335]],

        [[-0.4425],
         [-0.4515],
         [-0.4604],
         [-0.4692],
         [-0.4780],
         [-0.4868],
         [-0.4955],
         [-0.5042],
         [-0.5128],
         [-0.5213]],

        [[-0.5298],
         [-0.5383],
         [-0.5467],
         [-0.5550],
         [-0.5633],
         [-0.5716],
         [-0.5797],
         [-0.5879],
         [-0.5959],
         [-0.6039]],

        [[-0.6119],
         [-0.6197],
         [-0.6276],
         [-0.6353],
         [-0.6430],
         [-0.6506],
         [-0.6582],
         [-0.6657],
         [-0.6731],
         [-0.6805]],

        [[-0.6878],
         [-0.6950],
         [-0.7021],
         [-0.7092],
         [-0.7162],
         [-0.7232],
         [-0.7301],
         [-0.7369],
         [-0.7436],
         [-0.7502]],

        [[-0.7568],
         [-0.7633],
         [-0.7697],
         [-0.7761],
         [-0.7823],
         [-0.7885],
         [-0.7946],
         [-0.8007],
         [-0.8066],
         [-0.8125]],

        [[-0.8183],
         [-0.8240],
         [-0.8296],
         [-0.8352],
         [-0.8406],
         [-0.8460],
         [-0.8513],
         [-0.8565],
         [-0.8616],
         [-0.8666]],

        [[-0.8716],
         [-0.8764],
         [-0.8812],
         [-0.8859],
         [-0.8905],
         [-0.8950],
         [-0.8994],
         [-0.9037],
         [-0.9080],
         [-0.9121]],

        [[-0.9162],
         [-0.9201],
         [-0.9240],
         [-0.9278],
         [-0.9315],
         [-0.9351],
         [-0.9386],
         [-0.9420],
         [-0.9453],
         [-0.9485]],

        [[-0.9516],
         [-0.9546],
         [-0.9576],
         [-0.9604],
         [-0.9631],
         [-0.9658],
         [-0.9683],
         [-0.9708],
         [-0.9731],
         [-0.9754]],

        [[-0.9775],
         [-0.9796],
         [-0.9816],
         [-0.9834],
         [-0.9852],
         [-0.9868],
         [-0.9884],
         [-0.9899],
         [-0.9912],
         [-0.9925]],

        [[-0.9937],
         [-0.9948],
         [-0.9957],
         [-0.9966],
         [-0.9974],
         [-0.9981],
         [-0.9986],
         [-0.9991],
         [-0.9995],
         [-0.9997]],

        [[-0.9999],
         [-1.0000],
         [-1.0000],
         [-0.9998],
         [-0.9996],
         [-0.9993],
         [-0.9989],
         [-0.9983],
         [-0.9977],
         [-0.9970]],

        [[-0.9962],
         [-0.9952],
         [-0.9942],
         [-0.9931],
         [-0.9919],
         [-0.9905],
         [-0.9891],
         [-0.9876],
         [-0.9860],
         [-0.9843]],

        [[-0.9825],
         [-0.9805],
         [-0.9785],
         [-0.9764],
         [-0.9742],
         [-0.9719],
         [-0.9695],
         [-0.9670],
         [-0.9644],
         [-0.9617]],

        [[-0.9589],
         [-0.9560],
         [-0.9531],
         [-0.9500],
         [-0.9468],
         [-0.9435],
         [-0.9402],
         [-0.9367],
         [-0.9332],
         [-0.9295]],

        [[-0.9258],
         [-0.9220],
         [-0.9181],
         [-0.9141],
         [-0.9100],
         [-0.9058],
         [-0.9015],
         [-0.8971],
         [-0.8926],
         [-0.8881]],

        [[-0.8835],
         [-0.8787],
         [-0.8739],
         [-0.8690],
         [-0.8640],
         [-0.8589],
         [-0.8538],
         [-0.8485],
         [-0.8432],
         [-0.8378]],

        [[-0.8323],
         [-0.8267],
         [-0.8210],
         [-0.8153],
         [-0.8094],
         [-0.8035],
         [-0.7975],
         [-0.7915],
         [-0.7853],
         [-0.7791]],

        [[-0.7728],
         [-0.7664],
         [-0.7599],
         [-0.7534],
         [-0.7468],
         [-0.7401],
         [-0.7333],
         [-0.7265],
         [-0.7196],
         [-0.7126]],

        [[-0.7055],
         [-0.6984],
         [-0.6912],
         [-0.6840],
         [-0.6766],
         [-0.6692],
         [-0.6618],
         [-0.6542],
         [-0.6467],
         [-0.6390]],

        [[-0.6313],
         [-0.6235],
         [-0.6156],
         [-0.6077],
         [-0.5997],
         [-0.5917],
         [-0.5836],
         [-0.5755],
         [-0.5673],
         [-0.5590]],

        [[-0.5507],
         [-0.5423],
         [-0.5339],
         [-0.5254],
         [-0.5169],
         [-0.5083],
         [-0.4996],
         [-0.4910],
         [-0.4822],
         [-0.4734]],

        [[-0.4646],
         [-0.4557],
         [-0.4468],
         [-0.4378],
         [-0.4288],
         [-0.4198],
         [-0.4107],
         [-0.4015],
         [-0.3924],
         [-0.3831]],

        [[-0.3739],
         [-0.3646],
         [-0.3553],
         [-0.3459],
         [-0.3365],
         [-0.3271],
         [-0.3176],
         [-0.3081],
         [-0.2986],
         [-0.2890]],

        [[-0.2794],
         [-0.2698],
         [-0.2602],
         [-0.2505],
         [-0.2408],
         [-0.2311],
         [-0.2213],
         [-0.2116],
         [-0.2018],
         [-0.1920]],

        [[-0.1822],
         [-0.1723],
         [-0.1625],
         [-0.1526],
         [-0.1427],
         [-0.1328],
         [-0.1229],
         [-0.1129],
         [-0.1030],
         [-0.0931]],

        [[-0.0831],
         [-0.0731],
         [-0.0631],
         [-0.0532],
         [-0.0432],
         [-0.0332],
         [-0.0232],
         [-0.0132],
         [-0.0032],
         [ 0.0068]],

        [[ 0.0168],
         [ 0.0268],
         [ 0.0368],
         [ 0.0468],
         [ 0.0568],
         [ 0.0668],
         [ 0.0767],
         [ 0.0867],
         [ 0.0967],
         [ 0.1066]],

        [[ 0.1165],
         [ 0.1265],
         [ 0.1364],
         [ 0.1463],
         [ 0.1562],
         [ 0.1660],
         [ 0.1759],
         [ 0.1857],
         [ 0.1955],
         [ 0.2053]],

        [[ 0.2151],
         [ 0.2249],
         [ 0.2346],
         [ 0.2443],
         [ 0.2540],
         [ 0.2637],
         [ 0.2733],
         [ 0.2829],
         [ 0.2925],
         [ 0.3020]],

        [[ 0.3115],
         [ 0.3210],
         [ 0.3305],
         [ 0.3399],
         [ 0.3493],
         [ 0.3586],
         [ 0.3680],
         [ 0.3772],
         [ 0.3865],
         [ 0.3957]],

        [[ 0.4048],
         [ 0.4140],
         [ 0.4231],
         [ 0.4321],
         [ 0.4411],
         [ 0.4500],
         [ 0.4590],
         [ 0.4678],
         [ 0.4766],
         [ 0.4854]],

        [[ 0.4941],
         [ 0.5028],
         [ 0.5114],
         [ 0.5200],
         [ 0.5285],
         [ 0.5369],
         [ 0.5454],
         [ 0.5537],
         [ 0.5620],
         [ 0.5703]],

        [[ 0.5784],
         [ 0.5866],
         [ 0.5946],
         [ 0.6026],
         [ 0.6106],
         [ 0.6185],
         [ 0.6263],
         [ 0.6341],
         [ 0.6418],
         [ 0.6494]],

        [[ 0.6570],
         [ 0.6645],
         [ 0.6719],
         [ 0.6793],
         [ 0.6866],
         [ 0.6938],
         [ 0.7010],
         [ 0.7081],
         [ 0.7151],
         [ 0.7221]],

        [[ 0.7290],
         [ 0.7358],
         [ 0.7425],
         [ 0.7492],
         [ 0.7558],
         [ 0.7623],
         [ 0.7687],
         [ 0.7751],
         [ 0.7813],
         [ 0.7875]],

        [[ 0.7937],
         [ 0.7997],
         [ 0.8057],
         [ 0.8116],
         [ 0.8174],
         [ 0.8231],
         [ 0.8287],
         [ 0.8343],
         [ 0.8397],
         [ 0.8451]],

        [[ 0.8504],
         [ 0.8557],
         [ 0.8608],
         [ 0.8658],
         [ 0.8708],
         [ 0.8757],
         [ 0.8805],
         [ 0.8851],
         [ 0.8898],
         [ 0.8943]],

        [[ 0.8987],
         [ 0.9030],
         [ 0.9073],
         [ 0.9115],
         [ 0.9155],
         [ 0.9195],
         [ 0.9234],
         [ 0.9272],
         [ 0.9309],
         [ 0.9345]],

        [[ 0.9380],
         [ 0.9414],
         [ 0.9447],
         [ 0.9480],
         [ 0.9511],
         [ 0.9542],
         [ 0.9571],
         [ 0.9599],
         [ 0.9627],
         [ 0.9654]],

        [[ 0.9679],
         [ 0.9704],
         [ 0.9728],
         [ 0.9750],
         [ 0.9772],
         [ 0.9793],
         [ 0.9812],
         [ 0.9831],
         [ 0.9849],
         [ 0.9866]],

        [[ 0.9882],
         [ 0.9897],
         [ 0.9910],
         [ 0.9923],
         [ 0.9935],
         [ 0.9946],
         [ 0.9956],
         [ 0.9965],
         [ 0.9973],
         [ 0.9980]],

        [[ 0.9985],
         [ 0.9990],
         [ 0.9994],
         [ 0.9997],
         [ 0.9999],
         [ 1.0000],
         [ 1.0000],
         [ 0.9999],
         [ 0.9997],
         [ 0.9994]],

        [[ 0.9989],
         [ 0.9984],
         [ 0.9978],
         [ 0.9971],
         [ 0.9963],
         [ 0.9954],
         [ 0.9944],
         [ 0.9933],
         [ 0.9921],
         [ 0.9908]]])
pytorch version: 2.0.1
Epoch  10/100 Loss: 0.43691760
Epoch  20/100 Loss: 0.36474055
Epoch  30/100 Loss: 0.31088349
Epoch  40/100 Loss: 0.30735010
Epoch  50/100 Loss: 0.30523518
Epoch  60/100 Loss: 0.30512154
Epoch  70/100 Loss: 0.30416325
Epoch  80/100 Loss: 0.30363131
Epoch  90/100 Loss: 0.30324718
Epoch 100/100 Loss: 0.30291954
Test Output:
tensor([[-0.16828111],
        [-0.16828112],
        [-0.16828115],
        [-0.16828115],
        [-0.16828117],
        [-0.16828117],
        [-0.16828117],
        [-0.16828117],
        [-0.16828120],
        [-0.16828120]])
